#
# A fatal error has been detected by the Java Runtime Environment:
#
#  SIGSEGV (0xb) at pc=0x0000000123d2045f, pid=56680, tid=0x000000000000a947
#
# JRE version: Java(TM) SE Runtime Environment (8.0_151-b12) (build 1.8.0_151-b12)
# Java VM: Java HotSpot(TM) 64-Bit Server VM (25.151-b12 mixed mode bsd-amd64 compressed oops)
# Problematic frame:
# C  [libawt_lwawt.dylib+0x1c45f]  OGLSD_SetScratchSurface+0x49
#
# Failed to write core dump. Core dumps have been disabled. To enable core dumping, try "ulimit -c unlimited" before starting Java again
#
# If you would like to submit a bug report, please visit:
#   http://bugreport.java.com/bugreport/crash.jsp
# The crash happened outside the Java Virtual Machine in native code.
# See problematic frame for where to report the bug.
#

---------------  T H R E A D  ---------------

Current thread (0x00007f813a1ba800):  JavaThread "Java2D Queue Flusher" daemon [_thread_in_native, id=43335, stack(0x00007000012d6000,0x00007000013d6000)]

siginfo: si_signo: 11 (SIGSEGV), si_code: 1 (SEGV_MAPERR), si_addr: 0x0000000000000002

Registers:
RAX=0x00000000ffffffff, RBX=0x0000000000000002, RCX=0x0000000000000047, RDX=0x0000000123d41258
RSP=0x00007000013d56e0, RBP=0x00007000013d5700, RSI=0x00007f8138e4a830, RDI=0x00007f813a1ba9f8
R8 =0x00000000fffffffc, R9 =0x00007f8138e83740, R10=0x000000010ca179c8, R11=0x000000010b589627
R12=0x0000000000000000, R13=0x0000000120cb4e78, R14=0x00007f813a1ba9f8, R15=0x00007f813a1ba800
RIP=0x0000000123d2045f, EFLAGS=0x0000000000010202, ERR=0x0000000000000004
  TRAPNO=0x000000000000000e

Top of Stack: (sp=0x00007000013d56e0)
0x00007000013d56e0:   00007f8138e4a830 0000000000000000
0x00007000013d56f0:   00007f813a1bde10 00007f813a1ba800
0x00007000013d5700:   00007000013d5780 0000000123d40d36
0x00007000013d5710:   00007000013d5728 000000023a1c720a
0x00007000013d5720:   0000000000000000 000000010b175a94
0x00007000013d5730:   0000000000000064 00007f813a1ba800
0x00007000013d5740:   0000000000000bad 00007f813a1bde20
0x00007000013d5750:   00007f81001ba800 00007f813a1ba9f8
0x00007000013d5760:   0000000120cb4e78 0000000000000000
0x00007000013d5770:   00007000013d5830 00007f813a1ba800
0x00007000013d5780:   00007000013d57f8 000000010ca179f4
0x00007000013d5790:   0000000120958028 0000000000000000
0x00007000013d57a0:   0000000120956578 0000000000000000
0x00007000013d57b0:   00007000013d57d0 00007000013d57b8
0x00007000013d57c0:   0000000000000000 00007000013d5830
0x00007000013d57d0:   0000000120cb5f10 0000000000000000
0x00007000013d57e0:   0000000120cb4e78 0000000000000000
0x00007000013d57f0:   00007000013d5818 00007000013d5878
0x00007000013d5800:   000000010ca082bd 0000000000000000
0x00007000013d5810:   000000010ca11538 0000000000000020
0x00007000013d5820:   00007f813a1bde00 0000000797620f10
0x00007000013d5830:   0000000797620ef8 00007000013d5838
0x00007000013d5840:   0000000120cb4f25 00007000013d5890
0x00007000013d5850:   0000000120cb5f10 0000000000000000
0x00007000013d5860:   0000000120cb4f48 00007000013d5818
0x00007000013d5870:   00007000013d5890 00007000013d58d8
0x00007000013d5880:   000000010ca082bd 0000000000000020
0x00007000013d5890:   0000000797620ef8 00007000013d5898
0x00007000013d58a0:   0000000120cb5101 00007000013d58e8
0x00007000013d58b0:   0000000120cb5f10 0000000000000000
0x00007000013d58c0:   0000000120cb5110 00007000013d5890
0x00007000013d58d0:   00007000013d58e8 00007000013d5940 

Instructions: (pc=0x0000000123d2045f)
0x0000000123d2043f:   c0 e9 82 00 00 00 48 8b 5e 10 48 85 db 75 0e bf
0x0000000123d2044f:   01 00 00 00 48 8d 15 67 7b 03 00 eb d6 49 89 fe
0x0000000123d2045f:   4c 8b 3b 30 c0 e8 21 a6 02 00 49 8b 3f 49 89 c4
0x0000000123d2046f:   48 8b 35 aa 02 06 00 30 c0 e8 6f a7 02 00 48 85 

Register to memory mapping:

RAX=0x00000000ffffffff is an unknown value
RBX=0x0000000000000002 is an unknown value
RCX=0x0000000000000047 is an unknown value
RDX=0x0000000123d41258: Java_sun_java2d_opengl_OGLRenderQueue_flushBuffer+0xb5c in /Library/Java/JavaVirtualMachines/jdk1.8.0_151.jdk/Contents/Home/jre/lib/libawt_lwawt.dylib at 0x0000000123d04000
RSP=0x00007000013d56e0 is pointing into the stack for thread: 0x00007f813a1ba800
RBP=0x00007000013d5700 is pointing into the stack for thread: 0x00007f813a1ba800
RSI=0x00007f8138e4a830 is an unknown value
RDI=0x00007f813a1ba9f8 is an unknown value
R8 =0x00000000fffffffc is an unknown value
R9 =0x00007f8138e83740 is an unknown value
R10=0x000000010ca179c8 is at code_begin+808 in an Interpreter codelet
method entry point (kind = native)  [0x000000010ca176a0, 0x000000010ca17fa0]  2304 bytes
R11=0x000000010b589627: throw_unsatisfied_link_error+0 in /Library/Java/JavaVirtualMachines/jdk1.8.0_151.jdk/Contents/Home/jre/lib/server/libjvm.dylib at 0x000000010b0a4000
R12=0x0000000000000000 is an unknown value
R13={method} {0x0000000120cb4e78} 'flushBuffer' '(JI)V' in 'sun/java2d/opengl/OGLRenderQueue'
R14=0x00007f813a1ba9f8 is an unknown value
R15=0x00007f813a1ba800 is a thread


Stack: [0x00007000012d6000,0x00007000013d6000],  sp=0x00007000013d56e0,  free space=1021k
Native frames: (J=compiled Java code, j=interpreted, Vv=VM code, C=native code)
C  [libawt_lwawt.dylib+0x1c45f]  OGLSD_SetScratchSurface+0x49
C  [libawt_lwawt.dylib+0x3cd36]  Java_sun_java2d_opengl_OGLRenderQueue_flushBuffer+0x63a
j  sun.java2d.opengl.OGLRenderQueue.flushBuffer(JI)V+0
j  sun.java2d.opengl.OGLRenderQueue.flushBuffer()V+21
j  sun.java2d.opengl.OGLRenderQueue.access$100(Lsun/java2d/opengl/OGLRenderQueue;)V+1
j  sun.java2d.opengl.OGLRenderQueue$QueueFlusher.run()V+81
v  ~StubRoutines::call_stub
V  [libjvm.dylib+0x2ee9aa]
V  [libjvm.dylib+0x2ef14e]
V  [libjvm.dylib+0x2ef2fa]
V  [libjvm.dylib+0x349a51]
V  [libjvm.dylib+0x56c173]
V  [libjvm.dylib+0x56d860]
V  [libjvm.dylib+0x48bbb2]
C  [libsystem_pthread.dylib+0x399d]  _pthread_body+0x83
C  [libsystem_pthread.dylib+0x391a]  _pthread_body+0x0
C  [libsystem_pthread.dylib+0x1351]  thread_start+0xd
C  0x0000000000000000

Java frames: (J=compiled Java code, j=interpreted, Vv=VM code)
j  sun.java2d.opengl.OGLRenderQueue.flushBuffer(JI)V+0
j  sun.java2d.opengl.OGLRenderQueue.flushBuffer()V+21
j  sun.java2d.opengl.OGLRenderQueue.access$100(Lsun/java2d/opengl/OGLRenderQueue;)V+1
j  sun.java2d.opengl.OGLRenderQueue$QueueFlusher.run()V+81
v  ~StubRoutines::call_stub

---------------  P R O C E S S  ---------------

Java Threads: ( => current thread )
  0x00007f813a8b7800 JavaThread "DestroyJavaVM" [_thread_blocked, id=5891, stack(0x000070000011a000,0x000070000021a000)]
  0x00007f813a25f000 JavaThread "AWT-EventQueue-0" [_thread_blocked, id=53771, stack(0x000070000155f000,0x000070000165f000)]
  0x00007f813a8fb000 JavaThread "Java2D Disposer" daemon [_thread_blocked, id=51227, stack(0x00007000013d9000,0x00007000014d9000)]
=>0x00007f813a1ba800 JavaThread "Java2D Queue Flusher" daemon [_thread_in_native, id=43335, stack(0x00007000012d6000,0x00007000013d6000)]
  0x00007f813a155000 JavaThread "AWT-Shutdown" [_thread_blocked, id=29459, stack(0x0000700001150000,0x0000700001250000)]
  0x00007f813a144000 JavaThread "AppKit Thread" daemon [_thread_in_native, id=2571, stack(0x00007fff545d8000,0x00007fff54dd8000)]
  0x00007f8139800000 JavaThread "Service Thread" daemon [_thread_blocked, id=18435, stack(0x0000700000dc1000,0x0000700000ec1000)]
  0x00007f8139825000 JavaThread "C1 CompilerThread2" daemon [_thread_blocked, id=17923, stack(0x0000700000cbe000,0x0000700000dbe000)]
  0x00007f813a823800 JavaThread "C2 CompilerThread1" daemon [_thread_in_native, id=17411, stack(0x0000700000bbb000,0x0000700000cbb000)]
  0x00007f813a822000 JavaThread "C2 CompilerThread0" daemon [_thread_in_native, id=16899, stack(0x0000700000ab8000,0x0000700000bb8000)]
  0x00007f813a028800 JavaThread "Signal Dispatcher" daemon [_thread_blocked, id=13839, stack(0x00007000009b5000,0x0000700000ab5000)]
  0x00007f813a004800 JavaThread "Finalizer" daemon [_thread_blocked, id=12291, stack(0x000070000082f000,0x000070000092f000)]
  0x00007f8139821000 JavaThread "Reference Handler" daemon [_thread_blocked, id=11779, stack(0x000070000072c000,0x000070000082c000)]

Other Threads:
  0x00007f8139022800 VMThread [stack: 0x0000700000629000,0x0000700000729000] [id=11267]
  0x00007f813a82c000 WatcherThread [stack: 0x0000700000ec4000,0x0000700000fc4000] [id=18947]

VM state:not at safepoint (normal execution)

VM Mutex/Monitor currently owned by a thread: None

Heap:
 PSYoungGen      total 38400K, used 3350K [0x0000000795580000, 0x0000000798000000, 0x00000007c0000000)
  eden space 33280K, 5% used [0x0000000795580000,0x0000000795755ac8,0x0000000797600000)
  from space 5120K, 28% used [0x0000000797600000,0x0000000797770000,0x0000000797b00000)
  to   space 5120K, 0% used [0x0000000797b00000,0x0000000797b00000,0x0000000798000000)
 ParOldGen       total 87552K, used 8K [0x0000000740000000, 0x0000000745580000, 0x0000000795580000)
  object space 87552K, 0% used [0x0000000740000000,0x0000000740002000,0x0000000745580000)
 Metaspace       used 8664K, capacity 8904K, committed 9216K, reserved 1056768K
  class space    used 1063K, capacity 1166K, committed 1280K, reserved 1048576K

Card table byte_map: [0x000000011bdc0000,0x000000011c1c1000] byte_map_base: 0x00000001183c0000

Marking Bits: (ParMarkBitMap*) 0x000000010b9975d0
 Begin Bits: [0x000000011c46c000, 0x000000011e46c000)
 End Bits:   [0x000000011e46c000, 0x000000012046c000)

Polling page: 0x000000010c092000

CodeCache: size=245760Kb used=2354Kb max_used=2362Kb free=243405Kb
 bounds [0x000000010ca00000, 0x000000010cc70000, 0x000000011ba00000]
 total_blobs=1039 nmethods=568 adapters=384
 compilation: enabled

Compilation events (10 events):
Event: 1176.648 Thread 0x00007f813a822000 nmethod 561 0x000000010cc46110 code [0x000000010cc46260, 0x000000010cc46338]
Event: 1176.648 Thread 0x00007f813a822000  565       4       sun.java2d.SunGraphics2D::validateColor (102 bytes)
Event: 1176.650 Thread 0x00007f813a822000 nmethod 565 0x000000010cc45c50 code [0x000000010cc45dc0, 0x000000010cc45f38]
Event: 1176.650 Thread 0x00007f813a822000  567       4       sun.java2d.SunGraphics2D::setColor (108 bytes)
Event: 1176.654 Thread 0x00007f813a822000 nmethod 567 0x000000010cc4df90 code [0x000000010cc4e100, 0x000000010cc4e2d8]
Event: 1176.655 Thread 0x00007f8139825000  568       1       java.awt.Component::getPeer (5 bytes)
Event: 1176.655 Thread 0x00007f8139825000 nmethod 568 0x000000010cc46ed0 code [0x000000010cc47020, 0x000000010cc47130]
Event: 1176.655 Thread 0x00007f8139825000  569       3       java.awt.Rectangle::<init> (26 bytes)
Event: 1176.656 Thread 0x00007f8139825000 nmethod 569 0x000000010cc4da50 code [0x000000010cc4dbc0, 0x000000010cc4de30]
Event: 1176.692 Thread 0x00007f813a822000  570       4       sun.java2d.loops.ProcessPath::doProcessPath (1094 bytes)

GC Heap History (2 events):
Event: 1176.702 GC heap before
{Heap before GC invocations=1 (full 0):
 PSYoungGen      total 38400K, used 33280K [0x0000000795580000, 0x0000000798000000, 0x00000007c0000000)
  eden space 33280K, 100% used [0x0000000795580000,0x0000000797600000,0x0000000797600000)
  from space 5120K, 0% used [0x0000000797b00000,0x0000000797b00000,0x0000000798000000)
  to   space 5120K, 0% used [0x0000000797600000,0x0000000797600000,0x0000000797b00000)
 ParOldGen       total 87552K, used 0K [0x0000000740000000, 0x0000000745580000, 0x0000000795580000)
  object space 87552K, 0% used [0x0000000740000000,0x0000000740000000,0x0000000745580000)
 Metaspace       used 8663K, capacity 8904K, committed 9216K, reserved 1056768K
  class space    used 1063K, capacity 1166K, committed 1280K, reserved 1048576K
Event: 1176.715 GC heap after
Heap after GC invocations=1 (full 0):
 PSYoungGen      total 38400K, used 1472K [0x0000000795580000, 0x0000000798000000, 0x00000007c0000000)
  eden space 33280K, 0% used [0x0000000795580000,0x0000000795580000,0x0000000797600000)
  from space 5120K, 28% used [0x0000000797600000,0x0000000797770000,0x0000000797b00000)
  to   space 5120K, 0% used [0x0000000797b00000,0x0000000797b00000,0x0000000798000000)
 ParOldGen       total 87552K, used 8K [0x0000000740000000, 0x0000000745580000, 0x0000000795580000)
  object space 87552K, 0% used [0x0000000740000000,0x0000000740002000,0x0000000745580000)
 Metaspace       used 8663K, capacity 8904K, committed 9216K, reserved 1056768K
  class space    used 1063K, capacity 1166K, committed 1280K, reserved 1048576K
}

Deoptimization events (1 events):
Event: 0.774 Thread 0x00007f813a25f000 Uncommon trap: reason=unstable_if action=reinterpret pc=0x000000010cc07d04 method=sun.java2d.loops.ProcessPath$FillProcessHandler.processFixedLine(IIII[IZZ)V @ 2

Internal exceptions (10 events):
Event: 0.033 Thread 0x00007f8139008800 Exception <a 'java/lang/NoSuchMethodError': Method sun.misc.Unsafe.prefetchRead(Ljava/lang/Object;J)V name or signature does not match> (0x0000000795587f90) thrown at [/Users/java_re/workspace/8-2-build-macosx-x86_64/jdk8u151/9699/hotspot/src/share/vm/pri
Event: 0.141 Thread 0x00007f8139008800 Exception <a 'java/security/PrivilegedActionException'> (0x00000007956d3a50) thrown at [/Users/java_re/workspace/8-2-build-macosx-x86_64/jdk8u151/9699/hotspot/src/share/vm/prims/jvm.cpp, line 1390]
Event: 0.141 Thread 0x00007f8139008800 Exception <a 'java/security/PrivilegedActionException'> (0x00000007956d3c60) thrown at [/Users/java_re/workspace/8-2-build-macosx-x86_64/jdk8u151/9699/hotspot/src/share/vm/prims/jvm.cpp, line 1390]
Event: 0.141 Thread 0x00007f8139008800 Exception <a 'java/security/PrivilegedActionException'> (0x00000007956d6f90) thrown at [/Users/java_re/workspace/8-2-build-macosx-x86_64/jdk8u151/9699/hotspot/src/share/vm/prims/jvm.cpp, line 1390]
Event: 0.141 Thread 0x00007f8139008800 Exception <a 'java/security/PrivilegedActionException'> (0x00000007956d71a0) thrown at [/Users/java_re/workspace/8-2-build-macosx-x86_64/jdk8u151/9699/hotspot/src/share/vm/prims/jvm.cpp, line 1390]
Event: 0.222 Thread 0x00007f8139008800 Exception <a 'java/lang/NoSuchFieldError': method resolution failed> (0x00000007957a43d0) thrown at [/Users/java_re/workspace/8-2-build-macosx-x86_64/jdk8u151/9699/hotspot/src/share/vm/prims/methodHandles.cpp, line 1146]
Event: 0.224 Thread 0x00007f8139008800 Exception <a 'java/lang/NoSuchFieldError': method resolution failed> (0x00000007957b1ba0) thrown at [/Users/java_re/workspace/8-2-build-macosx-x86_64/jdk8u151/9699/hotspot/src/share/vm/prims/methodHandles.cpp, line 1146]
Event: 0.371 Thread 0x00007f8139008800 Exception <a 'java/io/FileNotFoundException'> (0x000000079582ca28) thrown at [/Users/java_re/workspace/8-2-build-macosx-x86_64/jdk8u151/9699/hotspot/src/share/vm/prims/jni.cpp, line 709]
Event: 0.371 Thread 0x00007f8139008800 Exception <a 'java/io/FileNotFoundException'> (0x000000079582d5e8) thrown at [/Users/java_re/workspace/8-2-build-macosx-x86_64/jdk8u151/9699/hotspot/src/share/vm/prims/jni.cpp, line 709]
Event: 1176.716 Thread 0x00007f813a004800 Exception <a 'java/lang/NullPointerException'> (0x0000000795608dd0) thrown at [/Users/java_re/workspace/8-2-build-macosx-x86_64/jdk8u151/9699/hotspot/src/share/vm/interpreter/linkResolver.cpp, line 1183]

Events (10 events):
Event: 1176.686 Thread 0x00007f813a25f000 DEOPT PACKING pc=0x000000010cbec7e6 sp=0x000070000165b880
Event: 1176.686 Thread 0x00007f813a25f000 DEOPT UNPACKING pc=0x000000010ca47633 sp=0x000070000165b5a8 mode 0
Event: 1176.690 Thread 0x00007f813a25f000 DEOPT PACKING pc=0x000000010cbec7e6 sp=0x000070000165b880
Event: 1176.690 Thread 0x00007f813a25f000 DEOPT UNPACKING pc=0x000000010ca47633 sp=0x000070000165b5a8 mode 0
Event: 1176.697 Thread 0x00007f813a25f000 DEOPT PACKING pc=0x000000010cbec7e6 sp=0x000070000165b880
Event: 1176.697 Thread 0x00007f813a25f000 DEOPT UNPACKING pc=0x000000010ca47633 sp=0x000070000165b5a8 mode 0
Event: 1176.702 Executing VM operation: ParallelGCFailedAllocation
Event: 1176.715 Executing VM operation: ParallelGCFailedAllocation done
Event: 1176.716 Thread 0x00007f813a25f000 DEOPT PACKING pc=0x000000010cbec7e6 sp=0x000070000165b880
Event: 1176.716 Thread 0x00007f813a25f000 DEOPT UNPACKING pc=0x000000010ca47633 sp=0x000070000165b5a8 mode 0


Dynamic libraries:
0x0000000003b77000 	/System/Library/Frameworks/Cocoa.framework/Versions/A/Cocoa
0x0000000003b77000 	/System/Library/Frameworks/Security.framework/Versions/A/Security
0x0000000003b77000 	/System/Library/Frameworks/ApplicationServices.framework/Versions/A/ApplicationServices
0x0000000003b77000 	/usr/lib/libz.1.dylib
0x0000000003b77000 	/usr/lib/libSystem.B.dylib
0x0000000003b77000 	/usr/lib/libobjc.A.dylib
0x0000000003b77000 	/System/Library/Frameworks/CoreFoundation.framework/Versions/A/CoreFoundation
0x0000000003b77000 	/System/Library/Frameworks/Foundation.framework/Versions/C/Foundation
0x0000000003b77000 	/System/Library/Frameworks/AppKit.framework/Versions/C/AppKit
0x0000000003b77000 	/System/Library/Frameworks/CoreData.framework/Versions/A/CoreData
0x0000000003b77000 	/System/Library/PrivateFrameworks/RemoteViewServices.framework/Versions/A/RemoteViewServices
0x0000000003b77000 	/System/Library/PrivateFrameworks/UIFoundation.framework/Versions/A/UIFoundation
0x0000000003b77000 	/usr/lib/libScreenReader.dylib
0x0000000003b77000 	/System/Library/Frameworks/Accelerate.framework/Versions/A/Accelerate
0x0000000003b77000 	/System/Library/Frameworks/IOSurface.framework/Versions/A/IOSurface
0x0000000003b77000 	/System/Library/Frameworks/AudioToolbox.framework/Versions/A/AudioToolbox
0x0000000003b77000 	/System/Library/Frameworks/AudioUnit.framework/Versions/A/AudioUnit
0x0000000003b77000 	/System/Library/PrivateFrameworks/DataDetectorsCore.framework/Versions/A/DataDetectorsCore
0x0000000003b77000 	/System/Library/PrivateFrameworks/DesktopServicesPriv.framework/Versions/A/DesktopServicesPriv
0x0000000003b77000 	/System/Library/Frameworks/Carbon.framework/Versions/A/Frameworks/HIToolbox.framework/Versions/A/HIToolbox
0x0000000003b77000 	/System/Library/Frameworks/QuartzCore.framework/Versions/A/QuartzCore
0x0000000003b77000 	/System/Library/Frameworks/Carbon.framework/Versions/A/Frameworks/SpeechRecognition.framework/Versions/A/SpeechRecognition
0x0000000003b77000 	/usr/lib/libauto.dylib
0x0000000003b77000 	/usr/lib/libicucore.A.dylib
0x0000000003b77000 	/usr/lib/libxml2.2.dylib
0x0000000003b77000 	/System/Library/PrivateFrameworks/CoreUI.framework/Versions/A/CoreUI
0x0000000003b77000 	/System/Library/Frameworks/CoreAudio.framework/Versions/A/CoreAudio
0x0000000003b77000 	/System/Library/Frameworks/DiskArbitration.framework/Versions/A/DiskArbitration
0x0000000003b77000 	/usr/lib/liblangid.dylib
0x0000000003b77000 	/System/Library/PrivateFrameworks/MultitouchSupport.framework/Versions/A/MultitouchSupport
0x0000000003b77000 	/System/Library/Frameworks/IOKit.framework/Versions/A/IOKit
0x0000000003b77000 	/usr/lib/libDiagnosticMessagesClient.dylib
0x0000000003b77000 	/System/Library/Frameworks/CoreServices.framework/Versions/A/CoreServices
0x0000000003b77000 	/System/Library/PrivateFrameworks/PerformanceAnalysis.framework/Versions/A/PerformanceAnalysis
0x0000000003b77000 	/System/Library/PrivateFrameworks/GenerationalStorage.framework/Versions/A/GenerationalStorage
0x0000000003b77000 	/System/Library/Frameworks/OpenGL.framework/Versions/A/OpenGL
0x0000000003b77000 	/System/Library/PrivateFrameworks/Sharing.framework/Versions/A/Sharing
0x0000000003b77000 	/System/Library/Frameworks/CoreGraphics.framework/Versions/A/CoreGraphics
0x0000000003b77000 	/System/Library/Frameworks/CoreImage.framework/Versions/A/CoreImage
0x0000000003b77000 	/System/Library/Frameworks/CoreText.framework/Versions/A/CoreText
0x0000000003b77000 	/System/Library/Frameworks/ImageIO.framework/Versions/A/ImageIO
0x0000000003b77000 	/System/Library/PrivateFrameworks/Backup.framework/Versions/A/Backup
0x0000000003b77000 	/usr/lib/libextension.dylib
0x0000000003b77000 	/usr/lib/libarchive.2.dylib
0x0000000003b77000 	/System/Library/Frameworks/CFNetwork.framework/Versions/A/CFNetwork
0x0000000003b77000 	/System/Library/Frameworks/SystemConfiguration.framework/Versions/A/SystemConfiguration
0x0000000003b77000 	/usr/lib/libCRFSuite.dylib
0x0000000003b77000 	/usr/lib/libc++.1.dylib
0x0000000003b77000 	/usr/lib/libc++abi.dylib
0x0000000003b77000 	/usr/lib/system/libcache.dylib
0x0000000003b77000 	/usr/lib/system/libcommonCrypto.dylib
0x0000000003b77000 	/usr/lib/system/libcompiler_rt.dylib
0x0000000003b77000 	/usr/lib/system/libcopyfile.dylib
0x0000000003b77000 	/usr/lib/system/libcorecrypto.dylib
0x0000000003b77000 	/usr/lib/system/libdispatch.dylib
0x0000000003b77000 	/usr/lib/system/libdyld.dylib
0x0000000003b77000 	/usr/lib/system/libkeymgr.dylib
0x0000000003b77000 	/usr/lib/system/liblaunch.dylib
0x0000000003b77000 	/usr/lib/system/libmacho.dylib
0x0000000003b77000 	/usr/lib/system/libquarantine.dylib
0x0000000003b77000 	/usr/lib/system/libremovefile.dylib
0x0000000003b77000 	/usr/lib/system/libsystem_asl.dylib
0x0000000003b77000 	/usr/lib/system/libsystem_blocks.dylib
0x0000000003b77000 	/usr/lib/system/libsystem_c.dylib
0x0000000003b77000 	/usr/lib/system/libsystem_configuration.dylib
0x0000000003b77000 	/usr/lib/system/libsystem_coreservices.dylib
0x0000000003b77000 	/usr/lib/system/libsystem_coretls.dylib
0x0000000003b77000 	/usr/lib/system/libsystem_dnssd.dylib
0x0000000003b77000 	/usr/lib/system/libsystem_info.dylib
0x0000000003b77000 	/usr/lib/system/libsystem_kernel.dylib
0x0000000003b77000 	/usr/lib/system/libsystem_m.dylib
0x0000000003b77000 	/usr/lib/system/libsystem_malloc.dylib
0x0000000003b77000 	/usr/lib/system/libsystem_network.dylib
0x0000000003b77000 	/usr/lib/system/libsystem_networkextension.dylib
0x0000000003b77000 	/usr/lib/system/libsystem_notify.dylib
0x0000000003b77000 	/usr/lib/system/libsystem_platform.dylib
0x0000000003b77000 	/usr/lib/system/libsystem_pthread.dylib
0x0000000003b77000 	/usr/lib/system/libsystem_sandbox.dylib
0x0000000003b77000 	/usr/lib/system/libsystem_secinit.dylib
0x0000000003b77000 	/usr/lib/system/libsystem_trace.dylib
0x0000000003b77000 	/usr/lib/system/libunc.dylib
0x0000000003b77000 	/usr/lib/system/libunwind.dylib
0x0000000003b77000 	/usr/lib/system/libxpc.dylib
0x0000000003b77000 	/usr/lib/libenergytrace.dylib
0x0000000003b77000 	/usr/lib/libbsm.0.dylib
0x0000000003b77000 	/usr/lib/system/libkxld.dylib
0x0000000003b77000 	/usr/lib/libxar.1.dylib
0x0000000003b77000 	/usr/lib/libsqlite3.dylib
0x0000000003b77000 	/usr/lib/libpam.2.dylib
0x0000000003b77000 	/usr/lib/libOpenScriptingUtil.dylib
0x0000000003b77000 	/usr/lib/libbz2.1.0.dylib
0x0000000003b77000 	/usr/lib/liblzma.5.dylib
0x0000000003b77000 	/System/Library/Frameworks/CoreServices.framework/Versions/A/Frameworks/FSEvents.framework/Versions/A/FSEvents
0x0000000003b77000 	/System/Library/Frameworks/CoreServices.framework/Versions/A/Frameworks/CarbonCore.framework/Versions/A/CarbonCore
0x0000000003b77000 	/System/Library/Frameworks/CoreServices.framework/Versions/A/Frameworks/Metadata.framework/Versions/A/Metadata
0x0000000003b77000 	/System/Library/Frameworks/CoreServices.framework/Versions/A/Frameworks/OSServices.framework/Versions/A/OSServices
0x0000000003b77000 	/System/Library/Frameworks/CoreServices.framework/Versions/A/Frameworks/SearchKit.framework/Versions/A/SearchKit
0x0000000003b77000 	/System/Library/Frameworks/CoreServices.framework/Versions/A/Frameworks/AE.framework/Versions/A/AE
0x0000000003b77000 	/System/Library/Frameworks/CoreServices.framework/Versions/A/Frameworks/LaunchServices.framework/Versions/A/LaunchServices
0x0000000003b77000 	/System/Library/Frameworks/CoreServices.framework/Versions/A/Frameworks/DictionaryServices.framework/Versions/A/DictionaryServices
0x0000000003b77000 	/System/Library/Frameworks/CoreServices.framework/Versions/A/Frameworks/SharedFileList.framework/Versions/A/SharedFileList
0x0000000003b77000 	/System/Library/Frameworks/NetFS.framework/Versions/A/NetFS
0x0000000003b77000 	/System/Library/PrivateFrameworks/NetAuth.framework/Versions/A/NetAuth
0x0000000003b77000 	/System/Library/PrivateFrameworks/login.framework/Versions/A/Frameworks/loginsupport.framework/Versions/A/loginsupport
0x0000000003b77000 	/System/Library/PrivateFrameworks/TCC.framework/Versions/A/TCC
0x0000000003b77000 	/usr/lib/libmecabra.dylib
0x0000000003b77000 	/System/Library/Frameworks/ApplicationServices.framework/Versions/A/Frameworks/ATS.framework/Versions/A/ATS
0x0000000003b77000 	/System/Library/Frameworks/ApplicationServices.framework/Versions/A/Frameworks/ColorSync.framework/Versions/A/ColorSync
0x0000000003b77000 	/System/Library/Frameworks/ApplicationServices.framework/Versions/A/Frameworks/HIServices.framework/Versions/A/HIServices
0x0000000003b77000 	/System/Library/Frameworks/ApplicationServices.framework/Versions/A/Frameworks/LangAnalysis.framework/Versions/A/LangAnalysis
0x0000000003b77000 	/System/Library/Frameworks/ApplicationServices.framework/Versions/A/Frameworks/PrintCore.framework/Versions/A/PrintCore
0x0000000003b77000 	/System/Library/Frameworks/ApplicationServices.framework/Versions/A/Frameworks/QD.framework/Versions/A/QD
0x0000000003b77000 	/System/Library/Frameworks/ApplicationServices.framework/Versions/A/Frameworks/SpeechSynthesis.framework/Versions/A/SpeechSynthesis
0x0000000003b77000 	/System/Library/Frameworks/Metal.framework/Versions/A/Metal
0x0000000003b77000 	/System/Library/Frameworks/Accelerate.framework/Versions/A/Frameworks/vImage.framework/Versions/A/vImage
0x0000000003b77000 	/System/Library/Frameworks/Accelerate.framework/Versions/A/Frameworks/vecLib.framework/Versions/A/vecLib
0x0000000003b77000 	/System/Library/Frameworks/Accelerate.framework/Versions/A/Frameworks/vecLib.framework/Versions/A/libvDSP.dylib
0x0000000003b77000 	/System/Library/Frameworks/Accelerate.framework/Versions/A/Frameworks/vecLib.framework/Versions/A/libvMisc.dylib
0x0000000003b77000 	/System/Library/Frameworks/Accelerate.framework/Versions/A/Frameworks/vecLib.framework/Versions/A/libLAPACK.dylib
0x0000000003b77000 	/System/Library/Frameworks/Accelerate.framework/Versions/A/Frameworks/vecLib.framework/Versions/A/libBLAS.dylib
0x0000000003b77000 	/System/Library/Frameworks/Accelerate.framework/Versions/A/Frameworks/vecLib.framework/Versions/A/libLinearAlgebra.dylib
0x0000000003b77000 	/System/Library/Frameworks/Accelerate.framework/Versions/A/Frameworks/vecLib.framework/Versions/A/libSparseBLAS.dylib
0x0000000003b77000 	/System/Library/PrivateFrameworks/GPUCompiler.framework/libmetal_timestamp.dylib
0x0000000003b77000 	/System/Library/Frameworks/OpenGL.framework/Versions/A/Libraries/libCoreFSCache.dylib
0x0000000003b77000 	/System/Library/PrivateFrameworks/IOAccelerator.framework/Versions/A/IOAccelerator
0x0000000003b77000 	/System/Library/Frameworks/ApplicationServices.framework/Versions/A/Frameworks/ATS.framework/Versions/A/Resources/libFontParser.dylib
0x0000000003b77000 	/System/Library/Frameworks/ApplicationServices.framework/Versions/A/Frameworks/ATS.framework/Versions/A/Resources/libFontRegistry.dylib
0x0000000003b77000 	/System/Library/PrivateFrameworks/AppleVPA.framework/Versions/A/AppleVPA
0x0000000003b77000 	/System/Library/PrivateFrameworks/AppleJPEG.framework/Versions/A/AppleJPEG
0x0000000003b77000 	/System/Library/Frameworks/ImageIO.framework/Versions/A/Resources/libJPEG.dylib
0x0000000003b77000 	/System/Library/Frameworks/ImageIO.framework/Versions/A/Resources/libTIFF.dylib
0x0000000003b77000 	/System/Library/Frameworks/ImageIO.framework/Versions/A/Resources/libPng.dylib
0x0000000003b77000 	/System/Library/Frameworks/ImageIO.framework/Versions/A/Resources/libGIF.dylib
0x0000000003b77000 	/System/Library/Frameworks/ImageIO.framework/Versions/A/Resources/libJP2.dylib
0x0000000003b77000 	/System/Library/Frameworks/ImageIO.framework/Versions/A/Resources/libRadiance.dylib
0x0000000003b77000 	/System/Library/Frameworks/CoreVideo.framework/Versions/A/CoreVideo
0x0000000003b77000 	/System/Library/Frameworks/OpenGL.framework/Versions/A/Libraries/libGLU.dylib
0x0000000003b77000 	/System/Library/Frameworks/OpenGL.framework/Versions/A/Libraries/libGFXShared.dylib
0x0000000003b77000 	/System/Library/Frameworks/OpenGL.framework/Versions/A/Libraries/libGL.dylib
0x0000000003b77000 	/System/Library/Frameworks/OpenGL.framework/Versions/A/Libraries/libGLImage.dylib
0x0000000003b77000 	/System/Library/Frameworks/OpenGL.framework/Versions/A/Libraries/libCVMSPluginSupport.dylib
0x0000000003b77000 	/System/Library/Frameworks/OpenGL.framework/Versions/A/Libraries/libCoreVMClient.dylib
0x0000000003b77000 	/usr/lib/libcompression.dylib
0x0000000003b77000 	/usr/lib/libcups.2.dylib
0x0000000003b77000 	/System/Library/Frameworks/Kerberos.framework/Versions/A/Kerberos
0x0000000003b77000 	/System/Library/Frameworks/GSS.framework/Versions/A/GSS
0x0000000003b77000 	/usr/lib/libresolv.9.dylib
0x0000000003b77000 	/usr/lib/libiconv.2.dylib
0x0000000003b77000 	/System/Library/PrivateFrameworks/Heimdal.framework/Versions/A/Heimdal
0x0000000003b77000 	/usr/lib/libheimdal-asn1.dylib
0x0000000003b77000 	/System/Library/Frameworks/OpenDirectory.framework/Versions/A/OpenDirectory
0x0000000003b77000 	/System/Library/PrivateFrameworks/CommonAuth.framework/Versions/A/CommonAuth
0x0000000003b77000 	/System/Library/Frameworks/OpenDirectory.framework/Versions/A/Frameworks/CFOpenDirectory.framework/Versions/A/CFOpenDirectory
0x0000000003b77000 	/System/Library/Frameworks/SecurityFoundation.framework/Versions/A/SecurityFoundation
0x0000000003b77000 	/System/Library/PrivateFrameworks/LanguageModeling.framework/Versions/A/LanguageModeling
0x0000000003b77000 	/usr/lib/libmarisa.dylib
0x0000000003b77000 	/usr/lib/libChineseTokenizer.dylib
0x0000000003b77000 	/usr/lib/libcmph.dylib
0x0000000003b77000 	/System/Library/Frameworks/ServiceManagement.framework/Versions/A/ServiceManagement
0x0000000003b77000 	/usr/lib/libxslt.1.dylib
0x0000000003b77000 	/System/Library/Frameworks/Carbon.framework/Versions/A/Frameworks/Ink.framework/Versions/A/Ink
0x0000000003b77000 	/usr/lib/libFosl_dynamic.dylib
0x0000000003b77000 	/System/Library/PrivateFrameworks/FaceCore.framework/Versions/A/FaceCore
0x0000000003b77000 	/System/Library/Frameworks/OpenCL.framework/Versions/A/OpenCL
0x0000000003b77000 	/System/Library/PrivateFrameworks/CrashReporterSupport.framework/Versions/A/CrashReporterSupport
0x0000000003b77000 	/System/Library/PrivateFrameworks/IconServices.framework/Versions/A/IconServices
0x0000000003b77000 	/System/Library/PrivateFrameworks/Apple80211.framework/Versions/A/Apple80211
0x0000000003b77000 	/System/Library/Frameworks/CoreWLAN.framework/Versions/A/CoreWLAN
0x0000000003b77000 	/System/Library/Frameworks/IOBluetooth.framework/Versions/A/IOBluetooth
0x0000000003b77000 	/System/Library/PrivateFrameworks/CoreWiFi.framework/Versions/A/CoreWiFi
0x0000000003b77000 	/System/Library/Frameworks/CoreBluetooth.framework/Versions/A/CoreBluetooth
0x0000000003b77000 	/System/Library/PrivateFrameworks/ChunkingLibrary.framework/Versions/A/ChunkingLibrary
0x0000000003b77000 	/System/Library/PrivateFrameworks/DebugSymbols.framework/Versions/A/DebugSymbols
0x0000000003b77000 	/System/Library/PrivateFrameworks/CoreSymbolication.framework/Versions/A/CoreSymbolication
0x0000000003b77000 	/System/Library/PrivateFrameworks/Symbolication.framework/Versions/A/Symbolication
0x0000000003b77000 	/System/Library/PrivateFrameworks/SpeechRecognitionCore.framework/Versions/A/SpeechRecognitionCore
0x000000010b0a4000 	/Library/Java/JavaVirtualMachines/jdk1.8.0_151.jdk/Contents/Home/jre/lib/server/libjvm.dylib
0x0000000003b77000 	/usr/lib/libstdc++.6.dylib
0x000000010c04f000 	/Library/Java/JavaVirtualMachines/jdk1.8.0_151.jdk/Contents/Home/jre/lib/libverify.dylib
0x000000010c05d000 	/Library/Java/JavaVirtualMachines/jdk1.8.0_151.jdk/Contents/Home/jre/lib/libjava.dylib
0x000000010c09c000 	/Library/Java/JavaVirtualMachines/jdk1.8.0_151.jdk/Contents/Home/jre/lib/libzip.dylib
0x0000000122222000 	/System/Library/Frameworks/JavaVM.framework/Frameworks/JavaRuntimeSupport.framework/JavaRuntimeSupport
0x000000010c1e7000 	/System/Library/Frameworks/JavaVM.framework/Versions/A/Frameworks/JavaNativeFoundation.framework/Versions/A/JavaNativeFoundation
0x000000012223d000 	/System/Library/Frameworks/JavaVM.framework/Versions/A/JavaVM
0x0000000003b77000 	/System/Library/Frameworks/Carbon.framework/Versions/A/Carbon
0x000000012224a000 	/System/Library/PrivateFrameworks/JavaLaunching.framework/Versions/A/JavaLaunching
0x0000000003b77000 	/System/Library/Frameworks/Carbon.framework/Versions/A/Frameworks/CommonPanels.framework/Versions/A/CommonPanels
0x0000000003b77000 	/System/Library/Frameworks/Carbon.framework/Versions/A/Frameworks/Help.framework/Versions/A/Help
0x0000000003b77000 	/System/Library/Frameworks/Carbon.framework/Versions/A/Frameworks/ImageCapture.framework/Versions/A/ImageCapture
0x0000000003b77000 	/System/Library/Frameworks/Carbon.framework/Versions/A/Frameworks/OpenScripting.framework/Versions/A/OpenScripting
0x0000000003b77000 	/System/Library/Frameworks/Carbon.framework/Versions/A/Frameworks/Print.framework/Versions/A/Print
0x0000000003b77000 	/System/Library/Frameworks/Carbon.framework/Versions/A/Frameworks/SecurityHI.framework/Versions/A/SecurityHI
0x0000000123b90000 	/Library/Java/JavaVirtualMachines/jdk1.8.0_151.jdk/Contents/Home/jre/lib/libawt.dylib
0x0000000123c38000 	/Library/Java/JavaVirtualMachines/jdk1.8.0_151.jdk/Contents/Home/jre/lib/./libmlib_image.dylib
0x0000000123d04000 	/Library/Java/JavaVirtualMachines/jdk1.8.0_151.jdk/Contents/Home/jre/lib/libawt_lwawt.dylib
0x0000000123dbb000 	/Library/Java/JavaVirtualMachines/jdk1.8.0_151.jdk/Contents/Home/jre/lib/./libosxapp.dylib
0x0000000003b77000 	/System/Library/Frameworks/ExceptionHandling.framework/Versions/A/ExceptionHandling
0x0000000003b77000 	/System/Library/PrivateFrameworks/CoreServicesInternal.framework/Versions/A/CoreServicesInternal
0x0000000003b77000 	/System/Library/Frameworks/CoreGraphics.framework/Versions/A/Resources/libRIP.A.dylib
0x0000000003b77000 	/System/Library/Frameworks/Accelerate.framework/Versions/A/Frameworks/vImage.framework/Versions/A/Libraries/libCGInterfaces.dylib
0x0000000003b77000 	/System/Library/Frameworks/CoreGraphics.framework/Versions/A/Resources/libCGXType.A.dylib
0x0000000003b77000 	/System/Library/Frameworks/OpenCL.framework/Versions/A/Libraries/libcldcpuengine.dylib
0x0000000003b77000 	/System/Library/PrivateFrameworks/DiskImages.framework/Versions/A/DiskImages
0x0000000003b77000 	/System/Library/Frameworks/DiscRecording.framework/Versions/A/DiscRecording
0x0000000003b77000 	/usr/lib/libcsfde.dylib
0x0000000003b77000 	/usr/lib/libcurl.4.dylib
0x0000000003b77000 	/System/Library/PrivateFrameworks/MediaKit.framework/Versions/A/MediaKit
0x0000000003b77000 	/System/Library/PrivateFrameworks/ProtectedCloudStorage.framework/Versions/A/ProtectedCloudStorage
0x0000000003b77000 	/usr/lib/libCoreStorage.dylib
0x0000000003b77000 	/System/Library/PrivateFrameworks/EFILogin.framework/Versions/A/EFILogin
0x0000000003b77000 	/usr/lib/libutil.dylib
0x0000000003b77000 	/System/Library/PrivateFrameworks/FindMyDevice.framework/Versions/A/FindMyDevice
0x0000000003b77000 	/System/Library/Frameworks/LDAP.framework/Versions/A/LDAP
0x0000000003b77000 	/usr/lib/libsasl2.2.dylib
0x0000000003b77000 	/System/Library/PrivateFrameworks/CoreDaemon.framework/Versions/B/CoreDaemon
0x0000000003b77000 	/usr/lib/libcrypto.0.9.8.dylib
0x0000000003b77000 	/System/Library/PrivateFrameworks/AppleSRP.framework/Versions/A/AppleSRP
0x0000000003b77000 	/System/Library/PrivateFrameworks/TrustEvaluationAgent.framework/Versions/A/TrustEvaluationAgent
0x0000000125493000 	cl_kernels
0x0000000003b77000 	/System/Library/Frameworks/OpenCL.framework/Versions/A/Libraries/ImageFormats/unorm8_bgra.dylib
0x0000000003b77000 	/System/Library/Frameworks/OpenCL.framework/Versions/A/Libraries/ImageFormats/unorm8_rgba.dylib
0x0000000003b77000 	/System/Library/PrivateFrameworks/FamilyControls.framework/Versions/A/FamilyControls
0x0000000003b77000 	/System/Library/PrivateFrameworks/CommerceKit.framework/Versions/A/Frameworks/CommerceCore.framework/Versions/A/CommerceCore
0x0000000003b77000 	/System/Library/PrivateFrameworks/SystemAdministration.framework/Versions/A/SystemAdministration
0x0000000003b77000 	/System/Library/PrivateFrameworks/AppContainer.framework/Versions/A/AppContainer
0x0000000003b77000 	/System/Library/PrivateFrameworks/SecCodeWrapper.framework/Versions/A/SecCodeWrapper
0x0000000003b77000 	/System/Library/Frameworks/DirectoryService.framework/Versions/A/DirectoryService
0x0000000003b77000 	/System/Library/PrivateFrameworks/LoginUIKit.framework/Versions/A/Frameworks/LoginUICore.framework/Versions/A/LoginUICore
0x0000000003b77000 	/usr/lib/libodfde.dylib
0x0000000003b77000 	/System/Library/Frameworks/OpenGL.framework/Versions/A/Resources/GLEngine.bundle/GLEngine
0x0000000003b77000 	/System/Library/Frameworks/OpenGL.framework/Versions/A/Libraries/libGLProgrammability.dylib
0x00000001264d7000 	/System/Library/Extensions/AppleIntelHD4000GraphicsGLDriver.bundle/Contents/MacOS/AppleIntelHD4000GraphicsGLDriver
0x0000000003b77000 	/System/Library/PrivateFrameworks/GPUSupport.framework/Versions/A/Libraries/libGPUSupportMercury.dylib
0x0000000003b77000 	/System/Library/Frameworks/OpenGL.framework/Versions/A/Resources/GLRendererFloat.bundle/GLRendererFloat
0x0000000127421000 	/Library/Java/JavaVirtualMachines/jdk1.8.0_151.jdk/Contents/Home/jre/lib/libfontmanager.dylib
0x0000000127488000 	/Library/Java/JavaVirtualMachines/jdk1.8.0_151.jdk/Contents/Home/jre/lib/libosxui.dylib
0x0000000129de2000 	/System/Library/Extensions/AppleIntelHD4000GraphicsMTLDriver.bundle/Contents/MacOS/AppleIntelHD4000GraphicsMTLDriver

VM Arguments:
jvm_args: -ea -Dfile.encoding=UTF-8 
java_command: PenteGameRunner
java_class_path (initial): /Library/Java/JavaVirtualMachines/jdk1.8.0_151.jdk/Contents/Home/jre/lib/resources.jar:/Library/Java/JavaVirtualMachines/jdk1.8.0_151.jdk/Contents/Home/jre/lib/rt.jar:/Library/Java/JavaVirtualMachines/jdk1.8.0_151.jdk/Contents/Home/jre/lib/jsse.jar:/Library/Java/JavaVirtualMachines/jdk1.8.0_151.jdk/Contents/Home/jre/lib/jce.jar:/Library/Java/JavaVirtualMachines/jdk1.8.0_151.jdk/Contents/Home/jre/lib/charsets.jar:/Library/Java/JavaVirtualMachines/jdk1.8.0_151.jdk/Contents/Home/jre/lib/jfr.jar:/Library/Java/JavaVirtualMachines/jdk1.8.0_151.jdk/Contents/Home/jre/lib/ext/cldrdata.jar:/Library/Java/JavaVirtualMachines/jdk1.8.0_151.jdk/Contents/Home/jre/lib/ext/dnsns.jar:/Library/Java/JavaVirtualMachines/jdk1.8.0_151.jdk/Contents/Home/jre/lib/ext/jaccess.jar:/Library/Java/JavaVirtualMachines/jdk1.8.0_151.jdk/Contents/Home/jre/lib/ext/jfxrt.jar:/Library/Java/JavaVirtualMachines/jdk1.8.0_151.jdk/Contents/Home/jre/lib/ext/localedata.jar:/Library/Java/JavaVirtualMachines/jdk1.8.0_151.jdk/Contents/Home/jre/lib/ext/nashorn.jar:/Library/Java/JavaVirtualMachines/jdk1.8.0_151.jdk/Contents/Home/jre/lib/ext/sunec.jar:/Library/Java/JavaVirtualMachines/jdk1.8.0_151.jdk/Contents/Home/jre/lib/ext/sunjce_provider.jar:/Library/Java/JavaVirtualMachines/jdk1.8.0_151.jdk/Contents/Home/jre/lib/ext/sunpkcs11.jar:/Library/Java/JavaVirtualMachines/jdk1.8.0_151.jdk/Contents/Home/jre/lib/ext/zipfs.jar:/System/Library/Java/Extensions/MRJToolkit.jar:/Users/christopherroche/Documents/workspace/PenteProjectSpring/bin
Launcher Type: SUN_STANDARD

Environment Variables:
PATH=/usr/bin:/bin:/usr/sbin:/sbin
SHELL=/bin/bash
DISPLAY=/private/tmp/com.apple.launchd.Y7eNXfMNYI/org.macosforge.xquartz:0

Signal Handlers:
SIGSEGV: [libjvm.dylib+0x5b27a5], sa_mask[0]=11111111011111110111111111111111, sa_flags=SA_ONSTACK|SA_RESTART|SA_SIGINFO
SIGBUS: [libjvm.dylib+0x5b27a5], sa_mask[0]=11111111011111110111111111111111, sa_flags=SA_RESTART|SA_SIGINFO
SIGFPE: [libjvm.dylib+0x4891c4], sa_mask[0]=11111111011111110111111111111111, sa_flags=SA_RESTART|SA_SIGINFO
SIGPIPE: [libjvm.dylib+0x4891c4], sa_mask[0]=11111111011111110111111111111111, sa_flags=SA_RESTART|SA_SIGINFO
SIGXFSZ: [libjvm.dylib+0x4891c4], sa_mask[0]=11111111011111110111111111111111, sa_flags=SA_RESTART|SA_SIGINFO
SIGILL: [libjvm.dylib+0x4891c4], sa_mask[0]=11111111011111110111111111111111, sa_flags=SA_RESTART|SA_SIGINFO
SIGUSR1: SIG_DFL, sa_mask[0]=00000000000000000000000000000000, sa_flags=none
SIGUSR2: [libjvm.dylib+0x488ce2], sa_mask[0]=00100000000000000000000000000000, sa_flags=SA_RESTART|SA_SIGINFO
SIGHUP: [libjvm.dylib+0x4872b9], sa_mask[0]=11111111011111110111111111111111, sa_flags=SA_RESTART|SA_SIGINFO
SIGINT: [libjvm.dylib+0x4872b9], sa_mask[0]=11111111011111110111111111111111, sa_flags=SA_RESTART|SA_SIGINFO
SIGTERM: [libjvm.dylib+0x4872b9], sa_mask[0]=11111111011111110111111111111111, sa_flags=SA_RESTART|SA_SIGINFO
SIGQUIT: [libjvm.dylib+0x4872b9], sa_mask[0]=11111111011111110111111111111111, sa_flags=SA_RESTART|SA_SIGINFO


---------------  S Y S T E M  ---------------

OS:Bsduname:Darwin 15.6.0 Darwin Kernel Version 15.6.0: Thu Jun 23 18:25:34 PDT 2016; root:xnu-3248.60.10~1/RELEASE_X86_64 x86_64
rlimit: STACK 8192k, CORE 0k, NPROC 709, NOFILE 10240, AS infinity
load average:2.19 1.95 1.82

CPU:total 4 (initial active 4) (2 cores per cpu, 2 threads per core) family 6 model 58 stepping 9, cmov, cx8, fxsr, mmx, sse, sse2, sse3, ssse3, sse4.1, sse4.2, popcnt, avx, aes, clmul, erms, ht, tsc, tscinvbit, tscinv

Memory: 4k page, physical 8388608k(1246000k free)

/proc/meminfo:


vm_info: Java HotSpot(TM) 64-Bit Server VM (25.151-b12) for bsd-amd64 JRE (1.8.0_151-b12), built on Sep  5 2017 19:37:08 by "java_re" with gcc 4.2.1 (Based on Apple Inc. build 5658) (LLVM build 2336.11.00)

time: Fri Mar 29 10:51:27 2019
elapsed time: 1176 seconds (0d 0h 19m 36s)

